app/build/intermediates/manifest_merge_blame_file/debug/manifest-merger-blame-debug-report.txt
1<?xml version="1.0" encoding="utf-8"?>
2<!--
3  ~ Copyright (C) 2019 Google Inc.
4  ~
5  ~ Licensed under the Apache License, Version 2.0 (the "License");
6  ~ you may not use this file except in compliance with the License.
7  ~ You may obtain a copy of the License at
8  ~
9  ~     http://www.apache.org/licenses/LICENSE-2.0
10  ~
11  ~ Unless required by applicable law or agreed to in writing, software
12  ~ distributed under the License is distributed on an "AS IS" BASIS,
13  ~ WITHOUT WARRANTIES OR CONDITIONS OF ANY KIND, either express or implied.
14  ~ See the License for the specific language governing permissions and
15  ~ limitations under the License.
16-->
17<manifest xmlns:android="http://schemas.android.com/apk/res/android"
18    package="com.example.android.devbyteviewer"
19    android:versionCode="1"
20    android:versionName="1.0" >
21
22    <uses-sdk
23        android:minSdkVersion="21"
23-->src\main\AndroidManifest.xml
24        android:targetSdkVersion="30" />
24-->src\main\AndroidManifest.xml
25
26    <uses-permission android:name="android.permission.INTERNET" />
26-->src\main\AndroidManifest.xml:22:5-67
26-->src\main\AndroidManifest.xml:22:22-64
27
28    <application
28-->src\main\AndroidManifest.xml:24:5-41:19
29        android:name="com.example.android.devbyteviewer.DevByteApplication"
29-->src\main\AndroidManifest.xml:25:9-43
30        android:allowBackup="true"
30-->src\main\AndroidManifest.xml:26:9-35
31        android:appComponentFactory="androidx.core.app.CoreComponentFactory"
31-->[androidx.core:core:1.3.1] AndroidManifest.xml:24:18-86
32        android:debuggable="true"
33        android:icon="@mipmap/ic_launcher"
33-->src\main\AndroidManifest.xml:27:9-43
34        android:label="@string/app_name"
34-->src\main\AndroidManifest.xml:28:9-41
35        android:roundIcon="@mipmap/ic_launcher_round"
35-->src\main\AndroidManifest.xml:29:9-54
36        android:supportsRtl="true"
36-->src\main\AndroidManifest.xml:30:9-35
37        android:testOnly="true"
38        android:theme="@style/AppTheme" >
38-->src\main\AndroidManifest.xml:31:9-40
39        <activity
39-->src\main\AndroidManifest.xml:33:9-40:20
40            android:name="com.example.android.devbyteviewer.ui.DevByteActivity"
40-->src\main\AndroidManifest.xml:33:19-53
41            android:exported="true" >
41-->src\main\AndroidManifest.xml:34:13-36
42            <intent-filter>
42-->src\main\AndroidManifest.xml:35:13-39:29
43                <action android:name="android.intent.action.MAIN" />
43-->src\main\AndroidManifest.xml:36:17-69
43-->src\main\AndroidManifest.xml:36:25-66
44
45                <category android:name="android.intent.category.LAUNCHER" />
45-->src\main\AndroidManifest.xml:38:17-77
45-->src\main\AndroidManifest.xml:38:27-74
46            </intent-filter>
47        </activity>
48
49        <service
49-->[androidx.room:room-runtime:2.2.0] AndroidManifest.xml:25:9-27:40
50            android:name="androidx.room.MultiInstanceInvalidationService"
50-->[androidx.room:room-runtime:2.2.0] AndroidManifest.xml:26:13-74
51            android:exported="false" />
51-->[androidx.room:room-runtime:2.2.0] AndroidManifest.xml:27:13-37
52
53        <provider
53-->[androidx.lifecycle:lifecycle-process:2.2.0] AndroidManifest.xml:25:9-29:43
54            android:name="androidx.lifecycle.ProcessLifecycleOwnerInitializer"
54-->[androidx.lifecycle:lifecycle-process:2.2.0] AndroidManifest.xml:26:13-79
55            android:authorities="com.example.android.devbyteviewer.lifecycle-process"
55-->[androidx.lifecycle:lifecycle-process:2.2.0] AndroidManifest.xml:27:13-69
56            android:exported="false"
56-->[androidx.lifecycle:lifecycle-process:2.2.0] AndroidManifest.xml:28:13-37
57            android:multiprocess="true" />
57-->[androidx.lifecycle:lifecycle-process:2.2.0] AndroidManifest.xml:29:13-40
58    </application>
59
60</manifest>